<?xml version="1.0" encoding="UTF-8"?>
<!-- Generated by org.testng.reporters.JUnitReportReporter -->
<testsuite hostname="APT04-1DKF7G3" failures="0" tests="3" name="BhanuFrameworkPractice.FrameworkTest.Standalonetset" time="19.761" errors="0" timestamp="2024-04-11T10:27:37 IST" skipped="0">
  <testcase classname="BhanuFrameworkPractice.FrameworkTest.Standalonetset" name="FirstTest" time="8.179"/>
  <system-out/>
  <testcase classname="BhanuFrameworkPractice.FrameworkTest.Standalonetset" name="thirdTest" time="5.508"/>
  <system-out/>
  <testcase classname="BhanuFrameworkPractice.FrameworkTest.Standalonetset" name="FirstTest" time="6.074"/>
  <system-out/>
</testsuite> <!-- BhanuFrameworkPractice.FrameworkTest.Standalonetset -->
