<?xml version="1.0" encoding="UTF-8"?>
<!-- Generated by org.testng.reporters.JUnitReportReporter -->
<testsuite hostname="APT04-1DKF7G3" failures="0" tests="3" name="BhanuFrameworkPractice.FrameworkTest.Standalonetset" time="31.136" errors="0" timestamp="2024-05-29T08:36:32 IST" skipped="0">
  <testcase classname="BhanuFrameworkPractice.FrameworkTest.Standalonetset" name="FirstTest" time="6.950"/>
  <testcase classname="BhanuFrameworkPractice.FrameworkTest.Standalonetset" name="FirstTest" time="18.519"/>
  <testcase classname="BhanuFrameworkPractice.FrameworkTest.Standalonetset" name="thirdTest" time="5.667"/>
</testsuite> <!-- BhanuFrameworkPractice.FrameworkTest.Standalonetset -->
