<?xml version="1.0" encoding="UTF-8"?>
<!-- Generated by org.testng.reporters.JUnitReportReporter -->
<testsuite hostname="APT04-1DKF7G3" failures="0" tests="2" name="BhanuFrameworkPractice.FrameworkTest.ErrorValidation" time="23.993" errors="0" timestamp="2024-05-29T08:36:32 IST" skipped="0">
  <testcase classname="BhanuFrameworkPractice.FrameworkTest.ErrorValidation" name="fourthTest" time="18.799"/>
  <testcase classname="BhanuFrameworkPractice.FrameworkTest.ErrorValidation" name="secondTest" time="5.194"/>
</testsuite> <!-- BhanuFrameworkPractice.FrameworkTest.ErrorValidation -->
